2026-05-31 20:03:40:340 [32minfo[39m: [32m[Server] Node.js API running on port 6000 in development mode[39m
2026-05-31 22:04:00:40 [32minfo[39m: [32m[Server] Node.js API running on port 6000 in development mode[39m
2026-05-31 22:23:57:2357 [32minfo[39m: [32m[Server] Node.js API running on port 6000 in development mode[39m
2026-05-31 22:27:23:2723 [31merror[39m: [31mOrganizer not found. Please register first.[39m
2026-05-31 22:28:11:2811 [31merror[39m: [31mError sending OTP email: Invalid login: 535 5.7.8 Authentication failed[39m
2026-05-31 22:28:50:2850 [31merror[39m: [31mError sending OTP email: Greeting never received[39m
2026-05-31 22:29:13:2913 [31merror[39m: [31mInvalid OTP[39m
2026-05-31 22:29:34:2934 [31merror[39m: [31m[DB] Query failed: Data truncated for column 'status' at row 1[39m
2026-05-31 22:29:50:2950 [31merror[39m: [31m[DB] Query failed: Data truncated for column 'status' at row 1[39m
2026-05-31 22:30:53:3053 [31merror[39m: [31m[DB] Query failed: Data truncated for column 'status' at row 1[39m
2026-05-31 22:31:12:3112 [31merror[39m: [31m[DB] Query failed: Data truncated for column 'status' at row 1[39m
2026-05-31 22:32:53:3253 [31merror[39m: [31mError sending OTP email: Invalid login: 535 5.7.8 Authentication failed[39m
2026-05-31 22:39:45:3945 [31merror[39m: [31mError sending OTP email: Invalid login: 535 5.7.8 Authentication failed[39m
2026-05-31 22:39:49:3949 [31merror[39m: [31mInvalid OTP[39m
2026-05-31 22:42:12:4212 [31merror[39m: [31mError sending OTP email: Invalid login: 535 5.7.8 Authentication failed[39m
2026-05-31 22:42:17:4217 [31merror[39m: [31mError sending OTP email: Invalid login: 535 5.7.8 Authentication failed[39m
2026-05-31 22:43:29:4329 [31merror[39m: [31mError sending OTP email: Invalid login: 535 5.7.8 Authentication failed[39m
2026-05-31 22:43:54:4354 [31merror[39m: [31mInvalid OTP[39m
2026-05-31 22:44:10:4410 [31merror[39m: [31m[DB] Query failed: Data truncated for column 'status' at row 1[39m
2026-05-31 22:45:28:4528 [32minfo[39m: [32m[Server] Node.js API running on port 6000 in development mode[39m
2026-05-31 22:45:36:4536 [32minfo[39m: [32m[Server] Node.js API running on port 6000 in development mode[39m
2026-05-31 22:45:38:4538 [32minfo[39m: [32m[Server] Node.js API running on port 6000 in development mode[39m
2026-05-31 22:50:01:501 [32minfo[39m: [32m[Server] Node.js API running on port 6000 in development mode[39m
2026-05-31 22:55:04:554 [32minfo[39m: [32m[Server] Node.js API running on port 6000 in development mode[39m
2026-05-31 22:56:43:5643 [31merror[39m: [31mError sending OTP email: Invalid login: 535 5.7.8 Authentication failed[39m
2026-05-31 22:56:48:5648 [31merror[39m: [31mError sending OTP email: Greeting never received[39m
2026-05-31 22:58:15:5815 [32minfo[39m: [32m[Server] Node.js API running on port 6000 in development mode[39m
2026-05-31 22:58:16:5816 [32minfo[39m: [32m[Server] Node.js API running on port 6000 in development mode[39m
2026-05-31 23:00:33:033 [31merror[39m: [31mError sending OTP email: Invalid login: 535 5.7.8 Authentication failed[39m
2026-05-31 23:04:49:449 [31merror[39m: [31mError sending OTP email: Greeting never received[39m
2026-05-31 23:13:25:1325 [31merror[39m: [31mError sending OTP email: Invalid login: 535 5.7.8 Authentication failed[39m
2026-05-31 23:16:24:1624 [31merror[39m: [31mCannot reschedule an event that has already started or finished.[39m
2026-06-01 19:52:51:5251 [31merror[39m: [31mError sending OTP email: Invalid login: 535 5.7.8 Authentication failed[39m
2026-06-01 19:55:32:5532 [32minfo[39m: [32m[Server] Node.js API running on port 6000 in development mode[39m
2026-06-01 19:56:10:5610 [32minfo[39m: [32m[Server] Node.js API running on port 6000 in development mode[39m
2026-06-01 19:56:14:5614 [31merror[39m: [31mError sending OTP email: Invalid login: 535 5.7.8 Authentication failed[39m
2026-06-01 20:08:06:86 [31merror[39m: [31mError sending OTP email: Invalid login: 535 5.7.8 Authentication failed[39m
2026-06-01 20:09:11:911 [32minfo[39m: [32m[Server] Node.js API running on port 6000 in development mode[39m
2026-06-01 20:09:13:913 [32minfo[39m: [32m[Server] Node.js API running on port 6000 in development mode[39m
2026-06-01 20:09:37:937 [32minfo[39m: [32m[Server] Node.js API running on port 6000 in development mode[39m
2026-06-01 20:09:56:956 [32minfo[39m: [32m[Server] Node.js API running on port 6000 in development mode[39m
2026-06-01 20:10:51:1051 [31merror[39m: [31mCannot reschedule an event that has already started or finished.[39m
2026-06-01 20:10:54:1054 [31merror[39m: [31mCannot reschedule an event that has already started or finished.[39m
2026-06-01 20:44:13:4413 [31merror[39m: [31mError sending OTP email: Invalid login: 535 5.7.8 Authentication failed[39m
2026-06-01 21:20:29:2029 [31merror[39m: [31mCannot reschedule an event that has already started or finished.[39m
2026-06-01 21:20:32:2032 [31merror[39m: [31mCannot reschedule an event that has already started or finished.[39m
2026-06-01 21:24:58:2458 [31merror[39m: [31mError sending OTP email: Invalid login: 535 5.7.8 Authentication failed[39m
2026-06-01 22:52:59:5259 [32minfo[39m: [32m[Server] Node.js API running on port 6000 in development mode[39m
2026-06-01 22:53:31:5331 [32minfo[39m: [32m[Server] Node.js API running on port 6000 in development mode[39m
2026-06-01 23:00:30:030 [31merror[39m: [31mError sending OTP email: Invalid login: 535 5.7.8 Authentication failed[39m
2026-06-01 23:46:42:4642 [31merror[39m: [31mError sending OTP email: Invalid login: 535 5.7.8 Authentication failed[39m
2026-06-01 23:53:35:5335 [31merror[39m: [31mError sending OTP email: Invalid login: 535 5.7.8 Authentication failed[39m
2026-06-02 21:02:21:221 [32minfo[39m: [32m[Server] Node.js API running on port 6000 in development mode[39m
2026-06-02 21:25:52:2552 [31merror[39m: [31mError sending OTP email: Invalid login: 535 5.7.8 Authentication failed[39m
2026-06-02 21:39:19:3919 [31merror[39m: [31mError sending OTP email: Invalid login: 535 5.7.8 Authentication failed[39m
2026-06-02 21:45:56:4556 [31merror[39m: [31mError sending OTP email: Invalid login: 535 5.7.8 Authentication failed[39m
2026-06-02 21:50:55:5055 [31merror[39m: [31mError sending OTP email: Invalid login: 535 5.7.8 Authentication failed[39m
2026-06-02 21:52:50:5250 [31merror[39m: [31mError sending OTP email: Invalid login: 535 5.7.8 Authentication failed[39m
2026-06-02 22:03:33:333 [32minfo[39m: [32m[Server] Node.js API running on port 6000 in development mode[39m
2026-06-02 22:24:25:2425 [32minfo[39m: [32m[Server] Node.js API running on port 6000 in development mode[39m
2026-06-02 22:24:33:2433 [32minfo[39m: [32m[Server] Node.js API running on port 6000 in development mode[39m
2026-06-02 22:25:25:2525 [32minfo[39m: [32m[Server] Node.js API running on port 6000 in development mode[39m
2026-06-02 22:27:07:277 [31merror[39m: [31mEvent schedule information is invalid[39m
2026-06-02 22:27:27:2727 [31merror[39m: [31mEvent schedule information is invalid[39m
2026-06-02 22:27:37:2737 [31merror[39m: [31mInvalid invitation link[39m
2026-06-02 22:27:47:2747 [31merror[39m: [31mEvent schedule information is invalid[39m
2026-06-02 22:27:57:2757 [31merror[39m: [31mEvent schedule information is invalid[39m
2026-06-02 22:29:03:293 [31merror[39m: [31mEvent schedule information is invalid[39m
2026-06-02 22:29:04:294 [31merror[39m: [31mEvent schedule information is invalid[39m
2026-06-02 22:29:05:295 [31merror[39m: [31mEvent schedule information is invalid[39m
2026-06-02 22:29:47:2947 [32minfo[39m: [32m[Server] Node.js API running on port 6000 in development mode[39m
2026-06-02 22:29:54:2954 [31merror[39m: [31mEvent schedule information is invalid[39m
2026-06-02 22:30:03:303 [31merror[39m: [31mEvent schedule information is invalid[39m
2026-06-02 22:30:20:3020 [31merror[39m: [31mEvent schedule information is invalid[39m
2026-06-02 22:30:23:3023 [31merror[39m: [31mInvalid invitation link[39m
2026-06-02 22:30:30:3030 [31merror[39m: [31mEvent schedule information is invalid[39m
2026-06-02 22:32:45:3245 [32minfo[39m: [32m[Server] Node.js API running on port 6000 in development mode[39m
2026-06-02 22:32:47:3247 [32minfo[39m: [32m[Server] Node.js API running on port 6000 in development mode[39m
2026-06-02 22:39:08:398 [32minfo[39m: [32m[Server] Node.js API running on port 6000 in development mode[39m
2026-06-02 22:39:14:3914 [32minfo[39m: [32m[Server] Node.js API running on port 6000 in development mode[39m
2026-06-02 22:39:52:3952 [31merror[39m: [31mThis invitation link has expired[39m
2026-06-02 22:40:02:402 [31merror[39m: [31mThis invitation link has expired[39m
2026-06-02 22:40:03:403 [31merror[39m: [31mThis invitation link has expired[39m
2026-06-02 22:40:04:404 [31merror[39m: [31mThis invitation link has expired[39m
2026-06-02 22:40:05:405 [31merror[39m: [31mThis invitation link has expired[39m
2026-06-02 22:40:12:4012 [31merror[39m: [31mThis invitation link has expired[39m
2026-06-02 22:40:13:4013 [31merror[39m: [31mThis invitation link has expired[39m
2026-06-02 22:40:14:4014 [31merror[39m: [31mThis invitation link has expired[39m
2026-06-02 22:40:15:4015 [31merror[39m: [31mThis invitation link has expired[39m
2026-06-02 22:40:15:4015 [31merror[39m: [31mThis invitation link has expired[39m
2026-06-02 22:40:16:4016 [31merror[39m: [31mThis invitation link has expired[39m
2026-06-02 22:40:16:4016 [31merror[39m: [31mThis invitation link has expired[39m
2026-06-02 22:40:17:4017 [31merror[39m: [31mThis invitation link has expired[39m
2026-06-02 22:40:17:4017 [31merror[39m: [31mThis invitation link has expired[39m
2026-06-02 22:40:18:4018 [31merror[39m: [31mThis invitation link has expired[39m
2026-06-02 22:42:52:4252 [31merror[39m: [31mThis invitation link has expired[39m
2026-06-02 22:44:01:441 [31merror[39m: [31mThis invitation link has expired[39m
2026-06-02 22:44:02:442 [31merror[39m: [31mThis invitation link has expired[39m
2026-06-02 22:44:03:443 [31merror[39m: [31mThis invitation link has expired[39m
2026-06-02 22:45:17:4517 [31merror[39m: [31mThis invitation link has expired[39m
2026-06-02 22:45:27:4527 [31merror[39m: [31mThis invitation link has expired[39m
2026-06-02 22:58:54:5854 [31merror[39m: [31mInvalid invitation link[39m
2026-06-02 22:58:54:5854 [31merror[39m: [31mInvalid invitation link[39m
2026-06-02 22:58:54:5854 [31merror[39m: [31mInvalid invitation link[39m
2026-06-02 23:05:46:546 [32minfo[39m: [32m[Server] Node.js API running on port 6000 in development mode[39m
2026-06-02 23:06:37:637 [31merror[39m: [31mInvalid invitation link[39m
2026-06-02 23:06:52:652 [31merror[39m: [31mError sending OTP email: Invalid login: 535 5.7.8 Authentication failed[39m
2026-06-02 23:06:56:656 [31merror[39m: [31mInvalid OTP[39m
2026-06-02 23:08:15:815 [31merror[39m: [31mInvalid OTP[39m
2026-06-02 23:08:16:816 [31merror[39m: [31mInvalid OTP[39m
2026-06-02 23:08:16:816 [31merror[39m: [31mInvalid OTP[39m
2026-06-02 23:08:16:816 [31merror[39m: [31mInvalid OTP[39m
2026-06-02 23:08:17:817 [31merror[39m: [31mInvalid OTP[39m
2026-06-02 23:08:17:817 [31merror[39m: [31mInvalid OTP[39m
2026-06-02 23:08:17:817 [31merror[39m: [31mInvalid OTP[39m
2026-06-02 23:08:17:817 [31merror[39m: [31mInvalid OTP[39m
2026-06-02 23:08:17:817 [31merror[39m: [31mInvalid OTP[39m
2026-06-02 23:08:18:818 [31merror[39m: [31mInvalid OTP[39m
2026-06-02 23:08:34:834 [31merror[39m: [31mInvalid OTP[39m
2026-06-02 23:09:30:930 [32minfo[39m: [32m[Server] Node.js API running on port 6000 in development mode[39m
2026-06-02 23:09:47:947 [31merror[39m: [31mInvalid OTP[39m
2026-06-02 23:09:56:956 [31merror[39m: [31mError sending OTP email: Invalid login: 535 5.7.8 Authentication failed[39m
2026-06-02 23:17:24:1724 [32minfo[39m: [32m[Server] Node.js API running on port 6000 in development mode[39m
2026-06-02 23:17:26:1726 [32minfo[39m: [32m[Server] Node.js API running on port 6000 in development mode[39m
2026-06-02 23:17:30:1730 [32minfo[39m: [32m[Server] Node.js API running on port 6000 in development mode[39m
2026-06-02 23:17:57:1757 [31merror[39m: [31mThis invitation link has expired[39m
2026-06-02 23:17:57:1757 [31merror[39m: [31mInvalid invitation link[39m
2026-06-02 23:17:57:1757 [31merror[39m: [31mInvalid invitation link[39m
2026-06-02 23:18:33:1833 [31merror[39m: [31mInvalid invitation link[39m
2026-06-02 23:18:33:1833 [31merror[39m: [31mInvalid invitation link[39m
2026-06-02 23:18:33:1833 [31merror[39m: [31mThis invitation link has expired[39m
2026-06-02 23:19:42:1942 [31merror[39m: [31mInvalid invitation link[39m
2026-06-02 23:19:47:1947 [31merror[39m: [31mThis invitation link has expired[39m
2026-06-02 23:19:54:1954 [31merror[39m: [31mThis invitation link has expired[39m
2026-06-02 23:20:38:2038 [31merror[39m: [31mError sending OTP email: Invalid login: 535 5.7.8 Authentication failed[39m
2026-06-02 23:24:25:2425 [31merror[39m: [31mError sending OTP email: Invalid login: 535 5.7.8 Authentication failed[39m
2026-06-02 23:24:56:2456 [32minfo[39m: [32m[Server] Node.js API running on port 6000 in development mode[39m
2026-06-02 23:25:34:2534 [31merror[39m: [31mError sending OTP email: Invalid login: 535 5.7.8 Authentication failed[39m
2026-06-02 23:26:45:2645 [31merror[39m: [31mError sending OTP email: Invalid login: 535 5.7.8 Authentication failed[39m
2026-06-02 23:28:01:281 [31merror[39m: [31mError sending OTP email: Invalid login: 535 5.7.8 Authentication failed[39m
2026-06-02 23:29:07:297 [31merror[39m: [31mError sending OTP email: Invalid login: 535 5.7.8 Authentication failed[39m
2026-06-02 23:29:49:2949 [31merror[39m: [31mError sending OTP email: Invalid login: 535 5.7.8 Authentication failed[39m
2026-06-02 23:31:27:3127 [31merror[39m: [31mError sending OTP email: Invalid login: 535 5.7.8 Authentication failed[39m
2026-06-02 23:32:38:3238 [31merror[39m: [31mError sending OTP email: Invalid login: 535 5.7.8 Authentication failed[39m
2026-06-02 23:33:03:333 [31merror[39m: [31mError sending OTP email: Invalid login: 535 5.7.8 Authentication failed[39m
2026-06-02 23:33:28:3328 [31merror[39m: [31mError sending OTP email: Invalid login: 535 5.7.8 Authentication failed[39m
2026-06-02 23:33:56:3356 [31merror[39m: [31mError sending OTP email: Invalid login: 535 5.7.8 Authentication failed[39m
2026-06-02 23:34:14:3414 [31merror[39m: [31mError sending OTP email: Invalid login: 535 5.7.8 Authentication failed[39m
2026-06-02 23:38:34:3834 [32minfo[39m: [32m[Server] Node.js API running on port 6000 in development mode[39m
2026-06-02 23:38:39:3839 [32minfo[39m: [32m[Server] Node.js API running on port 6000 in development mode[39m
2026-06-02 23:38:43:3843 [31merror[39m: [31mInvalid invitation link[39m
2026-06-02 23:39:03:393 [31merror[39m: [31mError sending OTP email: Invalid login: 535 5.7.8 Authentication failed[39m
2026-06-02 23:57:59:5759 [31merror[39m: [31mInvalid invitation link[39m
2026-06-03 20:30:35:3035 [31merror[39m: [31mInvalid invitation link[39m
2026-06-03 20:30:36:3036 [31merror[39m: [31mInvalid invitation link[39m
2026-06-03 20:30:37:3037 [31merror[39m: [31mInvalid invitation link[39m
2026-06-03 21:00:40:040 [31merror[39m: [31mError sending OTP email: Invalid login: 535 5.7.8 Authentication failed[39m
2026-06-03 21:06:35:635 [31merror[39m: [31mError sending OTP email: Invalid login: 535 5.7.8 Authentication failed[39m
2026-06-03 21:20:54:2054 [32minfo[39m: [32m[Server] Node.js API running on port 6000 in development mode[39m
2026-06-03 21:20:59:2059 [32minfo[39m: [32m[Server] Node.js API running on port 6000 in development mode[39m
2026-06-03 21:22:54:2254 [31merror[39m: [31mGroup not found[39m
2026-06-03 21:23:15:2315 [31merror[39m: [31mError sending OTP email: Invalid login: 535 5.7.8 Authentication failed[39m
2026-06-03 21:24:25:2425 [31merror[39m: [31mError sending OTP email: Greeting never received[39m
2026-06-03 21:29:14:2914 [32minfo[39m: [32m[Server] Node.js API running on port 6000 in development mode[39m
2026-06-03 21:29:29:2929 [31merror[39m: [31mGroup not found[39m
2026-06-03 21:29:35:2935 [32minfo[39m: [32m[Server] Node.js API running on port 6000 in development mode[39m
2026-06-03 21:29:51:2951 [31merror[39m: [31mGroup not found[39m
2026-06-03 21:30:06:306 [31merror[39m: [31mGroup not found[39m
2026-06-03 21:30:21:3021 [31merror[39m: [31mGroup not found[39m
2026-06-03 21:30:36:3036 [31merror[39m: [31mGroup not found[39m
2026-06-03 21:30:51:3051 [31merror[39m: [31mGroup not found[39m
2026-06-03 21:31:06:316 [31merror[39m: [31mGroup not found[39m
2026-06-03 21:31:21:3121 [31merror[39m: [31mGroup not found[39m
2026-06-03 21:32:20:3220 [31merror[39m: [31mGroup not found[39m
2026-06-03 21:33:20:3320 [31merror[39m: [31mGroup not found[39m
2026-06-03 21:34:20:3420 [31merror[39m: [31mGroup not found[39m
2026-06-03 21:35:20:3520 [31merror[39m: [31mGroup not found[39m
2026-06-03 21:36:20:3620 [31merror[39m: [31mGroup not found[39m
2026-06-03 21:37:20:3720 [31merror[39m: [31mGroup not found[39m
2026-06-03 21:38:20:3820 [31merror[39m: [31mGroup not found[39m
2026-06-03 21:39:20:3920 [31merror[39m: [31mGroup not found[39m
2026-06-03 21:40:20:4020 [31merror[39m: [31mGroup not found[39m
2026-06-03 21:41:20:4120 [31merror[39m: [31mGroup not found[39m
2026-06-03 21:42:20:4220 [31merror[39m: [31mGroup not found[39m
2026-06-03 21:43:20:4320 [31merror[39m: [31mGroup not found[39m
2026-06-03 21:44:20:4420 [31merror[39m: [31mGroup not found[39m
2026-06-03 21:45:20:4520 [31merror[39m: [31mGroup not found[39m
2026-06-03 21:46:20:4620 [31merror[39m: [31mGroup not found[39m
2026-06-03 21:47:20:4720 [31merror[39m: [31mGroup not found[39m
2026-06-03 21:48:20:4820 [31merror[39m: [31mGroup not found[39m
2026-06-03 21:48:23:4823 [32minfo[39m: [32m[Server] Node.js API running on port 6000 in development mode[39m
2026-06-03 21:49:20:4920 [31merror[39m: [31mGroup not found[39m
2026-06-03 21:50:20:5020 [31merror[39m: [31mGroup not found[39m
2026-06-03 21:51:20:5120 [31merror[39m: [31mGroup not found[39m
2026-06-03 21:52:20:5220 [31merror[39m: [31mGroup not found[39m
2026-06-03 21:53:20:5320 [31merror[39m: [31mGroup not found[39m
2026-06-03 21:54:20:5420 [31merror[39m: [31mGroup not found[39m
2026-06-03 21:55:20:5520 [31merror[39m: [31mGroup not found[39m
2026-06-03 21:56:20:5620 [31merror[39m: [31mGroup not found[39m
2026-06-03 21:57:20:5720 [31merror[39m: [31mGroup not found[39m
2026-06-03 21:58:20:5820 [31merror[39m: [31mGroup not found[39m
2026-06-03 21:59:20:5920 [31merror[39m: [31mGroup not found[39m
2026-06-03 22:00:19:019 [31merror[39m: [31mGroup not found[39m
2026-06-03 22:01:20:120 [31merror[39m: [31mGroup not found[39m
2026-06-03 22:02:20:220 [31merror[39m: [31mGroup not found[39m
2026-06-03 22:03:18:318 [32minfo[39m: [32m[Server] Node.js API running on port 6000 in development mode[39m
2026-06-03 22:03:20:320 [31merror[39m: [31mGroup not found[39m
2026-06-03 22:04:20:420 [31merror[39m: [31mGroup not found[39m
2026-06-03 22:05:20:520 [31merror[39m: [31mGroup not found[39m
2026-06-03 22:06:19:619 [31merror[39m: [31mGroup not found[39m
2026-06-03 22:06:24:624 [31merror[39m: [31mRescheduling is only allowed until 03 Jun 2026, 10:01 PM (1 hour before start).[39m
2026-06-03 22:06:41:641 [31merror[39m: [31mRescheduling is only allowed until 03 Jun 2026, 10:01 PM (1 hour before start).[39m
2026-06-03 22:07:20:720 [31merror[39m: [31mGroup not found[39m
2026-06-03 22:08:20:820 [31merror[39m: [31mGroup not found[39m
2026-06-03 22:09:19:919 [31merror[39m: [31mGroup not found[39m
2026-06-03 22:10:20:1020 [31merror[39m: [31mGroup not found[39m
2026-06-03 22:11:19:1119 [31merror[39m: [31mGroup not found[39m
2026-06-03 22:12:20:1220 [31merror[39m: [31mGroup not found[39m
2026-06-03 22:13:19:1319 [31merror[39m: [31mGroup not found[39m
2026-06-03 22:14:19:1419 [31merror[39m: [31mGroup not found[39m
2026-06-03 22:15:19:1519 [31merror[39m: [31mGroup not found[39m
2026-06-03 22:16:19:1619 [31merror[39m: [31mGroup not found[39m
2026-06-03 22:17:19:1719 [31merror[39m: [31mGroup not found[39m
2026-06-03 22:18:20:1820 [31merror[39m: [31mGroup not found[39m
2026-06-03 22:19:19:1919 [31merror[39m: [31mGroup not found[39m
2026-06-03 22:20:19:2019 [31merror[39m: [31mGroup not found[39m
2026-06-03 22:21:19:2119 [31merror[39m: [31mGroup not found[39m
2026-06-03 22:22:20:2220 [31merror[39m: [31mGroup not found[39m
2026-06-03 22:23:20:2320 [31merror[39m: [31mGroup not found[39m
2026-06-03 22:24:20:2420 [31merror[39m: [31mGroup not found[39m
2026-06-03 22:25:20:2520 [31merror[39m: [31mGroup not found[39m
2026-06-03 22:26:20:2620 [31merror[39m: [31mGroup not found[39m
2026-06-03 22:27:19:2719 [31merror[39m: [31mGroup not found[39m
2026-06-03 22:27:38:2738 [31merror[39m: [31mError sending OTP email: Greeting never received[39m
2026-06-03 22:28:10:2810 [31merror[39m: [31mError sending OTP email: Greeting never received[39m
2026-06-03 22:28:19:2819 [31merror[39m: [31mGroup not found[39m
2026-06-03 22:29:02:292 [31merror[39m: [31mError sending OTP email: Greeting never received[39m
2026-06-03 22:29:19:2919 [31merror[39m: [31mGroup not found[39m
2026-06-03 22:30:19:3019 [31merror[39m: [31mGroup not found[39m
2026-06-03 22:30:48:3048 [31merror[39m: [31mInvalid invitation link[39m
2026-06-03 22:30:53:3053 [31merror[39m: [31mError sending OTP email: connect ETIMEDOUT 64:ff9b::1b3:7402:587[39m
2026-06-03 22:31:11:3111 [31merror[39m: [31mError sending OTP email: Greeting never received[39m
2026-06-03 22:31:19:3119 [31merror[39m: [31mGroup not found[39m
2026-06-03 22:32:20:3220 [31merror[39m: [31mGroup not found[39m
2026-06-03 22:32:26:3226 [31merror[39m: [31mError sending OTP email: connect ETIMEDOUT 64:ff9b::1b3:7402:587[39m
2026-06-03 22:33:03:333 [31merror[39m: [31mError sending OTP email: Greeting never received[39m
2026-06-03 22:33:19:3319 [31merror[39m: [31mGroup not found[39m
2026-06-03 22:33:58:3358 [31merror[39m: [31mError sending OTP email: Greeting never received[39m
2026-06-03 22:34:19:3419 [31merror[39m: [31mGroup not found[39m
2026-06-03 22:35:19:3519 [31merror[39m: [31mGroup not found[39m
2026-06-03 22:36:19:3619 [31merror[39m: [31mGroup not found[39m
2026-06-03 22:36:55:3655 [31merror[39m: [31mError sending OTP email: Greeting never received[39m
2026-06-03 22:37:13:3713 [32minfo[39m: [32m[Server] Node.js API running on port 6000 in development mode[39m
2026-06-03 22:37:15:3715 [31merror[39m: [31mGroup not found[39m
2026-06-03 22:37:30:3730 [31merror[39m: [31mGroup not found[39m
2026-06-03 22:37:35:3735 [31merror[39m: [31mError sending OTP email: Greeting never received[39m
2026-06-03 22:37:45:3745 [31merror[39m: [31mGroup not found[39m
2026-06-03 22:38:00:380 [31merror[39m: [31mGroup not found[39m
2026-06-03 22:38:15:3815 [31merror[39m: [31mGroup not found[39m
2026-06-03 22:38:30:3830 [31merror[39m: [31mGroup not found[39m
2026-06-03 22:39:08:398 [31merror[39m: [31mThis invitation link has expired[39m
2026-06-03 22:39:19:3919 [31merror[39m: [31mGroup not found[39m
2026-06-03 22:40:19:4019 [31merror[39m: [31mGroup not found[39m
2026-06-03 22:40:40:4040 [31merror[39m: [31mError sending OTP email: Connection timeout[39m
2026-06-03 22:41:19:4119 [31merror[39m: [31mGroup not found[39m
2026-06-03 22:41:25:4125 [31merror[39m: [31mError sending OTP email: Greeting never received[39m
2026-06-03 22:41:58:4158 [31merror[39m: [31mError sending OTP email: Greeting never received[39m
2026-06-03 22:42:19:4219 [31merror[39m: [31mGroup not found[39m
2026-06-03 22:42:41:4241 [31merror[39m: [31mError sending OTP email: Connection timeout[39m
2026-06-03 22:43:19:4319 [31merror[39m: [31mGroup not found[39m
2026-06-03 22:44:19:4419 [31merror[39m: [31mGroup not found[39m
2026-06-03 22:45:19:4519 [31merror[39m: [31mGroup not found[39m
2026-06-03 22:46:19:4619 [31merror[39m: [31mGroup not found[39m
2026-06-03 22:47:19:4719 [31merror[39m: [31mGroup not found[39m
2026-06-03 22:48:19:4819 [31merror[39m: [31mGroup not found[39m
2026-06-03 22:49:19:4919 [31merror[39m: [31mGroup not found[39m
2026-06-03 22:50:19:5019 [31merror[39m: [31mGroup not found[39m
2026-06-03 22:51:19:5119 [31merror[39m: [31mGroup not found[39m
2026-06-03 22:52:13:5213 [31merror[39m: [31mError sending OTP email: Greeting never received[39m
2026-06-03 22:52:19:5219 [31merror[39m: [31mGroup not found[39m
2026-06-03 22:52:43:5243 [31merror[39m: [31mError sending OTP email: Connection timeout[39m
2026-06-03 22:53:02:532 [31merror[39m: [31mError sending OTP email: Greeting never received[39m
2026-06-03 22:53:19:5319 [31merror[39m: [31mGroup not found[39m
2026-06-03 22:53:29:5329 [31merror[39m: [31mError sending OTP email: Greeting never received[39m
2026-06-03 22:53:51:5351 [31merror[39m: [31mError sending OTP email: Greeting never received[39m
2026-06-03 22:54:19:5419 [31merror[39m: [31mGroup not found[39m
2026-06-03 22:55:20:5520 [31merror[39m: [31mGroup not found[39m
2026-06-03 22:56:20:5620 [31merror[39m: [31mGroup not found[39m
2026-06-03 22:57:19:5719 [31merror[39m: [31mGroup not found[39m
2026-06-03 22:58:20:5820 [31merror[39m: [31mGroup not found[39m
2026-06-03 22:59:19:5919 [31merror[39m: [31mGroup not found[39m
2026-06-03 23:00:19:019 [31merror[39m: [31mGroup not found[39m
2026-06-03 23:01:19:119 [31merror[39m: [31mGroup not found[39m
2026-06-03 23:02:19:219 [31merror[39m: [31mGroup not found[39m
2026-06-03 23:03:19:319 [31merror[39m: [31mGroup not found[39m
2026-06-03 23:04:20:420 [31merror[39m: [31mGroup not found[39m
2026-06-03 23:05:19:519 [31merror[39m: [31mGroup not found[39m
2026-06-03 23:06:19:619 [31merror[39m: [31mGroup not found[39m
2026-06-03 23:07:19:719 [31merror[39m: [31mGroup not found[39m
2026-06-03 23:08:19:819 [31merror[39m: [31mGroup not found[39m
2026-06-03 23:09:19:919 [31merror[39m: [31mGroup not found[39m
2026-06-03 23:10:19:1019 [31merror[39m: [31mGroup not found[39m
2026-06-03 23:11:19:1119 [31merror[39m: [31mGroup not found[39m
2026-06-03 23:12:19:1219 [31merror[39m: [31mGroup not found[39m
2026-06-03 23:13:19:1319 [31merror[39m: [31mGroup not found[39m
2026-06-03 23:14:19:1419 [31merror[39m: [31mGroup not found[39m
2026-06-03 23:15:19:1519 [31merror[39m: [31mGroup not found[39m
2026-06-03 23:16:20:1620 [31merror[39m: [31mGroup not found[39m
2026-06-03 23:17:19:1719 [31merror[39m: [31mGroup not found[39m
2026-06-03 23:18:20:1820 [31merror[39m: [31mGroup not found[39m
2026-06-03 23:18:28:1828 [32minfo[39m: [32m[Server] Node.js API running on port 6000 in development mode[39m
2026-06-03 23:18:30:1830 [32minfo[39m: [32m[Server] Node.js API running on port 6000 in development mode[39m
2026-06-03 23:18:45:1845 [32minfo[39m: [32m[Server] Node.js API running on port 6000 in development mode[39m
2026-06-03 23:18:54:1854 [32minfo[39m: [32m[Server] Node.js API running on port 6000 in development mode[39m
2026-06-03 23:18:58:1858 [32minfo[39m: [32m[Server] Node.js API running on port 6000 in development mode[39m
2026-06-03 23:19:05:195 [32minfo[39m: [32m[Server] Node.js API running on port 6000 in development mode[39m
2026-06-03 23:19:11:1911 [32minfo[39m: [32m[Server] Node.js API running on port 6000 in development mode[39m
2026-06-03 23:19:22:1922 [32minfo[39m: [32m[Server] Node.js API running on port 6000 in development mode[39m
2026-06-03 23:19:33:1933 [32minfo[39m: [32m[Server] Node.js API running on port 6000 in development mode[39m
2026-06-03 23:20:19:2019 [31merror[39m: [31mGroup not found[39m
2026-06-03 23:21:04:214 [31merror[39m: [31mInvalid invitation link[39m
2026-06-03 23:21:19:2119 [31merror[39m: [31mGroup not found[39m
2026-06-03 23:22:19:2219 [31merror[39m: [31mThis invitation link has expired[39m
2026-06-03 23:22:19:2219 [31merror[39m: [31mGroup not found[39m
2026-06-03 23:23:05:235 [31merror[39m: [31mError sending OTP email: Connection timeout[39m
2026-06-03 23:23:19:2319 [31merror[39m: [31mGroup not found[39m
2026-06-03 23:23:58:2358 [31merror[39m: [31mError sending OTP email: Greeting never received[39m
2026-06-03 23:24:19:2419 [31merror[39m: [31mGroup not found[39m
2026-06-03 23:25:19:2519 [31merror[39m: [31mGroup not found[39m
2026-06-03 23:25:42:2542 [32minfo[39m: [32m[Server] Node.js API running on port 6000 in development mode[39m
2026-06-03 23:25:48:2548 [32minfo[39m: [32m[Server] Node.js API running on port 6000 in development mode[39m
2026-06-03 23:26:01:261 [31merror[39m: [31mGroup not found[39m
2026-06-03 23:26:16:2616 [31merror[39m: [31mGroup not found[39m
2026-06-03 23:26:31:2631 [31merror[39m: [31mGroup not found[39m
2026-06-03 23:26:46:2646 [31merror[39m: [31mGroup not found[39m
2026-06-03 23:27:01:271 [31merror[39m: [31mGroup not found[39m
2026-06-03 23:27:16:2716 [31merror[39m: [31mGroup not found[39m
2026-06-03 23:27:31:2731 [31merror[39m: [31mGroup not found[39m
2026-06-03 23:28:19:2819 [31merror[39m: [31mGroup not found[39m
2026-06-03 23:29:19:2919 [31merror[39m: [31mGroup not found[39m
2026-06-03 23:30:19:3019 [31merror[39m: [31mGroup not found[39m
2026-06-03 23:31:19:3119 [31merror[39m: [31mGroup not found[39m
2026-06-03 23:32:19:3219 [31merror[39m: [31mGroup not found[39m
2026-06-03 23:33:19:3319 [31merror[39m: [31mGroup not found[39m
2026-06-03 23:33:49:3349 [32minfo[39m: [32m[Server] Node.js API running on port 6000 in development mode[39m
2026-06-03 23:33:50:3350 [31merror[39m: [31mInvalid invitation link[39m
2026-06-03 23:34:05:345 [31merror[39m: [31mGroup not found[39m
2026-06-03 23:34:19:3419 [31merror[39m: [31mGroup not found[39m
2026-06-03 23:34:34:3434 [31merror[39m: [31mGroup not found[39m
2026-06-03 23:34:49:3449 [31merror[39m: [31mGroup not found[39m
2026-06-03 23:35:04:354 [31merror[39m: [31mGroup not found[39m
2026-06-03 23:35:19:3519 [31merror[39m: [31mGroup not found[39m
2026-06-03 23:35:34:3534 [31merror[39m: [31mGroup not found[39m
2026-06-03 23:36:19:3619 [31merror[39m: [31mGroup not found[39m
2026-06-03 23:37:19:3719 [31merror[39m: [31mGroup not found[39m
2026-06-03 23:38:19:3819 [31merror[39m: [31mGroup not found[39m
2026-06-03 23:39:19:3919 [31merror[39m: [31mGroup not found[39m
2026-06-03 23:40:19:4019 [31merror[39m: [31mGroup not found[39m
2026-06-03 23:41:19:4119 [31merror[39m: [31mGroup not found[39m
2026-06-03 23:42:20:4220 [31merror[39m: [31mGroup not found[39m
2026-06-03 23:42:22:4222 [31merror[39m: [31mInvalid invitation link[39m
2026-06-03 23:43:19:4319 [31merror[39m: [31mGroup not found[39m
2026-06-03 23:44:12:4412 [32minfo[39m: [32m[Server] Node.js API running on port 6000 in development mode[39m
2026-06-03 23:44:14:4414 [32minfo[39m: [32m[Server] Node.js API running on port 6000 in development mode[39m
2026-06-03 23:44:16:4416 [32minfo[39m: [32m[Server] Node.js API running on port 6000 in development mode[39m
2026-06-03 23:44:19:4419 [32minfo[39m: [32m[Server] Node.js API running on port 6000 in development mode[39m
2026-06-03 23:44:20:4420 [31merror[39m: [31mGroup not found[39m
2026-06-03 23:45:19:4519 [31merror[39m: [31mGroup not found[39m
2026-06-03 23:46:19:4619 [31merror[39m: [31mGroup not found[39m
2026-06-03 23:47:19:4719 [31merror[39m: [31mGroup not found[39m
2026-06-03 23:48:19:4819 [31merror[39m: [31mGroup not found[39m
2026-06-03 23:48:45:4845 [32minfo[39m: [32m[Server] Node.js API running on port 6000 in development mode[39m
2026-06-03 23:48:47:4847 [31merror[39m: [31mGroup not found[39m
2026-06-03 23:49:01:491 [31merror[39m: [31mGroup not found[39m
2026-06-03 23:49:16:4916 [31merror[39m: [31mGroup not found[39m
2026-06-03 23:49:31:4931 [31merror[39m: [31mGroup not found[39m
2026-06-03 23:49:46:4946 [31merror[39m: [31mGroup not found[39m
2026-06-03 23:50:01:501 [31merror[39m: [31mGroup not found[39m
2026-06-03 23:50:16:5016 [31merror[39m: [31mGroup not found[39m
2026-06-03 23:50:31:5031 [31merror[39m: [31mGroup not found[39m
2026-06-03 23:51:19:5119 [31merror[39m: [31mGroup not found[39m
2026-06-03 23:51:23:5123 [31merror[39m: [31mInvalid invitation link[39m
2026-06-03 23:52:19:5219 [31merror[39m: [31mGroup not found[39m
2026-06-03 23:53:19:5319 [31merror[39m: [31mGroup not found[39m
2026-06-03 23:54:19:5419 [31merror[39m: [31mGroup not found[39m
2026-06-03 23:55:02:552 [32minfo[39m: [32m[Server] Node.js API running on port 6000 in development mode[39m
2026-06-03 23:55:06:556 [32minfo[39m: [32m[Server] Node.js API running on port 6000 in development mode[39m
2026-06-03 23:55:08:558 [32minfo[39m: [32m[Server] Node.js API running on port 6000 in development mode[39m
2026-06-03 23:55:12:5512 [32minfo[39m: [32m[Server] Node.js API running on port 6000 in development mode[39m
2026-06-03 23:55:21:5521 [32minfo[39m: [32m[Server] Node.js API running on port 6000 in development mode[39m
2026-06-03 23:55:23:5523 [31merror[39m: [31mGroup not found[39m
2026-06-03 23:55:27:5527 [31merror[39m: [31mGroup not found[39m
2026-06-03 23:55:38:5538 [31merror[39m: [31mGroup not found[39m
2026-06-03 23:55:40:5540 [31merror[39m: [31m[DB] Query failed: Table 'ppp.organizer_notifications' doesn't exist[39m
2026-06-03 23:55:41:5541 [31merror[39m: [31m[DB] Query failed: Table 'ppp.organizer_notifications' doesn't exist[39m
2026-06-03 23:55:44:5544 [32minfo[39m: [32m[Server] Node.js API running on port 6000 in development mode[39m
2026-06-03 23:55:50:5550 [32minfo[39m: [32m[Server] Node.js API running on port 6000 in development mode[39m
2026-06-03 23:55:53:5553 [31merror[39m: [31mGroup not found[39m
2026-06-03 23:56:08:568 [31merror[39m: [31mGroup not found[39m
2026-06-03 23:56:23:5623 [31merror[39m: [31mGroup not found[39m
2026-06-03 23:56:39:5639 [31merror[39m: [31mGroup not found[39m
2026-06-03 23:56:53:5653 [31merror[39m: [31mGroup not found[39m
2026-06-03 23:57:08:578 [31merror[39m: [31mGroup not found[39m
2026-06-03 23:57:23:5723 [31merror[39m: [31mGroup not found[39m
2026-06-03 23:58:19:5819 [31merror[39m: [31mGroup not found[39m
2026-06-03 23:59:19:5919 [31merror[39m: [31mGroup not found[39m
2026-06-03 23:59:29:5929 [31merror[39m: [31mBooking not found[39m
2026-06-03 23:59:29:5929 [31merror[39m: [31mBooking not found[39m
2026-06-04 00:00:19:019 [31merror[39m: [31mGroup not found[39m
2026-06-04 00:01:19:119 [31merror[39m: [31mGroup not found[39m
2026-06-04 00:02:19:219 [31merror[39m: [31mGroup not found[39m
2026-06-04 00:03:19:319 [31merror[39m: [31mGroup not found[39m
2026-06-04 00:04:19:419 [31merror[39m: [31mGroup not found[39m
2026-06-04 00:05:19:519 [31merror[39m: [31mGroup not found[39m
2026-06-04 00:06:20:620 [31merror[39m: [31mGroup not found[39m
2026-06-04 00:07:20:720 [31merror[39m: [31mGroup not found[39m
2026-06-04 00:08:19:819 [31merror[39m: [31mGroup not found[39m
2026-06-04 00:08:33:833 [31merror[39m: [31mGroup not found[39m
2026-06-04 01:01:30:130 [31merror[39m: [31mGroup not found[39m
2026-06-04 01:34:58:3458 [31merror[39m: [31mGroup not found[39m
2026-06-04 02:09:32:932 [31merror[39m: [31mGroup not found[39m
2026-06-04 02:09:47:947 [31merror[39m: [31mGroup not found[39m
2026-06-04 02:59:41:5941 [31merror[39m: [31mGroup not found[39m
2026-06-04 03:52:03:523 [31merror[39m: [31mGroup not found[39m
2026-06-04 04:42:02:422 [31merror[39m: [31mGroup not found[39m
2026-06-04 07:11:59:1159 [31merror[39m: [31mGroup not found[39m
2026-06-04 08:13:09:139 [31merror[39m: [31mGroup not found[39m
2026-06-04 09:06:17:617 [31merror[39m: [31mGroup not found[39m
2026-06-04 10:07:21:721 [31merror[39m: [31mGroup not found[39m
2026-06-04 11:08:28:828 [31merror[39m: [31mGroup not found[39m
2026-06-04 12:09:36:936 [31merror[39m: [31mGroup not found[39m
2026-06-04 14:11:24:1124 [31merror[39m: [31mGroup not found[39m
2026-06-04 15:12:31:1231 [31merror[39m: [31mGroup not found[39m
2026-06-04 16:13:38:1338 [31merror[39m: [31mGroup not found[39m
2026-06-04 16:42:20:4220 [31merror[39m: [31mGroup not found[39m
2026-06-04 18:15:13:1513 [31merror[39m: [31mGroup not found[39m
2026-06-04 19:16:29:1629 [31merror[39m: [31mGroup not found[39m
2026-06-04 19:57:44:5744 [31merror[39m: [31mGroup not found[39m
2026-06-04 19:58:43:5843 [31merror[39m: [31mGroup not found[39m
2026-06-04 19:59:43:5943 [31merror[39m: [31mGroup not found[39m
2026-06-04 20:00:43:043 [31merror[39m: [31mGroup not found[39m
2026-06-04 20:01:43:143 [31merror[39m: [31mGroup not found[39m
2026-06-04 20:02:43:243 [31merror[39m: [31mGroup not found[39m
2026-06-04 20:03:43:343 [31merror[39m: [31mGroup not found[39m
2026-06-04 20:04:43:443 [31merror[39m: [31mGroup not found[39m
2026-06-04 20:04:48:448 [31merror[39m: [31mGame session not found[39m
2026-06-04 20:04:48:448 [31merror[39m: [31mGroup not found[39m
2026-06-04 20:04:48:448 [31merror[39m: [31mGroup not found[39m
2026-06-04 20:04:54:454 [31merror[39m: [31mGame session not found[39m
2026-06-04 20:04:54:454 [31merror[39m: [31mGame session not found[39m
2026-06-04 20:04:54:454 [31merror[39m: [31mGroup not found[39m
2026-06-04 20:04:54:454 [31merror[39m: [31mGroup not found[39m
2026-06-04 20:05:43:543 [31merror[39m: [31mGroup not found[39m
2026-06-04 20:06:43:643 [31merror[39m: [31mGroup not found[39m
2026-06-04 20:07:43:743 [31merror[39m: [31mGroup not found[39m
2026-06-04 20:08:43:843 [31merror[39m: [31mGroup not found[39m
2026-06-04 20:09:43:943 [31merror[39m: [31mGroup not found[39m
2026-06-04 20:10:43:1043 [31merror[39m: [31mGroup not found[39m
2026-06-04 20:11:43:1143 [31merror[39m: [31mGroup not found[39m
2026-06-04 20:12:43:1243 [31merror[39m: [31mGroup not found[39m
2026-06-04 20:13:43:1343 [31merror[39m: [31mGroup not found[39m
2026-06-04 20:14:43:1443 [31merror[39m: [31mGroup not found[39m
2026-06-04 20:15:43:1543 [31merror[39m: [31mGroup not found[39m
2026-06-04 20:16:43:1643 [31merror[39m: [31mGroup not found[39m
2026-06-04 20:17:43:1743 [31merror[39m: [31mGroup not found[39m
2026-06-04 20:18:43:1843 [31merror[39m: [31mGroup not found[39m
2026-06-04 20:19:43:1943 [31merror[39m: [31mGroup not found[39m
2026-06-04 20:20:43:2043 [31merror[39m: [31mGroup not found[39m
2026-06-04 20:21:43:2143 [31merror[39m: [31mGroup not found[39m
2026-06-04 20:22:43:2243 [31merror[39m: [31mGroup not found[39m
2026-06-04 20:23:43:2343 [31merror[39m: [31mGroup not found[39m
2026-06-04 20:24:43:2443 [31merror[39m: [31mGroup not found[39m
2026-06-04 20:25:43:2543 [31merror[39m: [31mGroup not found[39m
2026-06-04 20:26:43:2643 [31merror[39m: [31mGroup not found[39m
2026-06-04 20:27:43:2743 [31merror[39m: [31mGroup not found[39m
2026-06-04 20:28:43:2843 [31merror[39m: [31mGroup not found[39m
2026-06-04 20:29:43:2943 [31merror[39m: [31mGroup not found[39m
2026-06-04 20:30:43:3043 [31merror[39m: [31mGroup not found[39m
2026-06-04 20:31:43:3143 [31merror[39m: [31mGroup not found[39m
2026-06-04 20:32:43:3243 [31merror[39m: [31mGroup not found[39m
2026-06-04 20:33:43:3343 [31merror[39m: [31mGroup not found[39m
2026-06-04 20:34:43:3443 [31merror[39m: [31mGroup not found[39m
2026-06-04 20:35:43:3543 [31merror[39m: [31mGroup not found[39m
2026-06-04 20:36:43:3643 [31merror[39m: [31mGroup not found[39m
2026-06-04 20:37:43:3743 [31merror[39m: [31mGroup not found[39m
2026-06-04 20:38:43:3843 [31merror[39m: [31mGroup not found[39m
2026-06-04 20:39:43:3943 [31merror[39m: [31mGroup not found[39m
2026-06-04 20:40:43:4043 [31merror[39m: [31mGroup not found[39m
2026-06-04 20:41:43:4143 [31merror[39m: [31mGroup not found[39m
2026-06-04 20:42:43:4243 [31merror[39m: [31mGroup not found[39m
2026-06-04 20:43:43:4343 [31merror[39m: [31mGroup not found[39m
2026-06-04 20:44:43:4443 [31merror[39m: [31mGroup not found[39m
2026-06-04 20:45:43:4543 [31merror[39m: [31mGroup not found[39m
2026-06-04 20:46:43:4643 [31merror[39m: [31mGroup not found[39m
2026-06-04 20:47:43:4743 [31merror[39m: [31mGroup not found[39m
2026-06-04 20:48:43:4843 [31merror[39m: [31mGroup not found[39m
2026-06-04 20:49:43:4943 [31merror[39m: [31mGroup not found[39m
2026-06-04 20:50:43:5043 [31merror[39m: [31mGroup not found[39m
2026-06-04 20:51:43:5143 [31merror[39m: [31mGroup not found[39m
2026-06-04 20:52:43:5243 [31merror[39m: [31mGroup not found[39m
2026-06-04 20:53:43:5343 [31merror[39m: [31mGroup not found[39m
2026-06-04 20:54:43:5443 [31merror[39m: [31mGroup not found[39m
2026-06-04 20:55:43:5543 [31merror[39m: [31mGroup not found[39m
2026-06-04 20:56:43:5643 [31merror[39m: [31mGroup not found[39m
2026-06-04 20:57:40:5740 [32minfo[39m: [32m[Server] Node.js API running on port 6000 in development mode[39m
2026-06-04 20:57:43:5743 [31merror[39m: [31mGroup not found[39m
2026-06-04 20:58:43:5843 [31merror[39m: [31mGroup not found[39m
2026-06-04 20:59:43:5943 [31merror[39m: [31mGroup not found[39m
2026-06-04 21:00:26:026 [31merror[39m: [31mOrganizer not found. Please register first.[39m
2026-06-04 21:00:43:043 [31merror[39m: [31mGroup not found[39m
2026-06-04 21:01:43:143 [31merror[39m: [31mGroup not found[39m
2026-06-04 21:01:49:149 [31merror[39m: [31mError sending OTP email: Invalid login: 535 5.7.8 Authentication failed[39m
2026-06-04 21:02:37:237 [31merror[39m: [31mError sending OTP email: Invalid login: 535 5.7.8 Authentication failed[39m
2026-06-04 21:02:43:243 [31merror[39m: [31mGroup not found[39m
2026-06-04 21:03:43:343 [31merror[39m: [31mGroup not found[39m
2026-06-04 21:04:43:443 [31merror[39m: [31mGroup not found[39m
2026-06-04 21:05:08:58 [31merror[39m: [31mRescheduling is only allowed until 04 Jun 2026, 08:15 PM (1 hour before start).[39m
2026-06-04 21:05:28:528 [31merror[39m: [31mRescheduling is only allowed until 04 Jun 2026, 08:15 PM (1 hour before start).[39m
2026-06-04 21:05:43:543 [31merror[39m: [31mGroup not found[39m
2026-06-04 21:06:43:643 [31merror[39m: [31mGroup not found[39m
2026-06-04 21:07:43:743 [31merror[39m: [31mGroup not found[39m
2026-06-04 21:08:43:843 [31merror[39m: [31mGroup not found[39m
2026-06-04 21:09:43:943 [31merror[39m: [31mGroup not found[39m
2026-06-04 21:10:43:1043 [31merror[39m: [31mGroup not found[39m
2026-06-04 21:11:43:1143 [31merror[39m: [31mGroup not found[39m
2026-06-04 21:12:43:1243 [31merror[39m: [31mGroup not found[39m
2026-06-04 21:13:43:1343 [31merror[39m: [31mGroup not found[39m
2026-06-04 21:14:43:1443 [31merror[39m: [31mGroup not found[39m
2026-06-04 21:15:18:1518 [31merror[39m: [31mGroup not found[39m
2026-06-04 21:15:26:1526 [31merror[39m: [31mGroup not found[39m
2026-06-04 21:15:40:1540 [31merror[39m: [31mError sending OTP email: Invalid login: 535 5.7.8 Authentication failed[39m
2026-06-04 21:15:41:1541 [31merror[39m: [31mGroup not found[39m
2026-06-04 21:16:38:1638 [31merror[39m: [31mError sending OTP email: Invalid login: 535 5.7.8 Authentication failed[39m
2026-06-04 21:17:29:1729 [31merror[39m: [31mError sending OTP email: Invalid login: 535 5.7.8 Authentication failed[39m
2026-06-04 21:17:53:1753 [31merror[39m: [31mError sending OTP email: Invalid login: 535 5.7.8 Authentication failed[39m
2026-06-04 21:18:20:1820 [31merror[39m: [31mError sending OTP email: Invalid login: 535 5.7.8 Authentication failed[39m
2026-06-04 21:19:40:1940 [31merror[39m: [31mError sending OTP email: Invalid login: 535 5.7.8 Authentication failed[39m
2026-06-04 21:20:11:2011 [31merror[39m: [31mError sending OTP email: Invalid login: 535 5.7.8 Authentication failed[39m
2026-06-04 21:21:02:212 [31merror[39m: [31mError sending OTP email: Invalid login: 535 5.7.8 Authentication failed[39m
2026-06-04 21:21:25:2125 [31merror[39m: [31mError sending OTP email: Invalid login: 535 5.7.8 Authentication failed[39m
2026-06-04 21:21:44:2144 [31merror[39m: [31mError sending OTP email: Invalid login: 535 5.7.8 Authentication failed[39m
2026-06-04 21:22:13:2213 [31merror[39m: [31mJoin limit reached. This package allows a maximum of 10 participants.[39m
2026-06-05 20:52:52:5252 [31merror[39m: [31mThis invitation link has expired[39m
2026-06-05 20:52:54:5254 [31merror[39m: [31mThis invitation link has expired[39m
2026-06-05 20:52:56:5256 [31merror[39m: [31mThis invitation link has expired[39m
2026-06-05 21:08:39:839 [31merror[39m: [31mError sending OTP email: Invalid login: 535 5.7.8 Authentication failed[39m
2026-06-05 21:09:52:952 [31merror[39m: [31mError sending OTP email: Greeting never received[39m
2026-06-05 21:10:59:1059 [31merror[39m: [31mError sending OTP email: Invalid login: 535 5.7.8 Authentication failed[39m
2026-06-05 21:11:59:1159 [31merror[39m: [31mError sending OTP email: Invalid login: 535 5.7.8 Authentication failed[39m
2026-06-05 21:15:14:1514 [31merror[39m: [31mError sending OTP email: Invalid login: 535 5.7.8 Authentication failed[39m
2026-06-05 21:15:59:1559 [31merror[39m: [31mError sending OTP email: Invalid login: 535 5.7.8 Authentication failed[39m
2026-06-05 21:17:01:171 [31merror[39m: [31mError sending OTP email: Invalid login: 535 5.7.8 Authentication failed[39m
2026-06-05 21:17:22:1722 [31merror[39m: [31mError sending OTP email: Invalid login: 535 5.7.8 Authentication failed[39m
2026-06-05 21:17:39:1739 [31merror[39m: [31mError sending OTP email: Invalid login: 535 5.7.8 Authentication failed[39m
2026-06-05 21:18:06:186 [31merror[39m: [31mError sending OTP email: Invalid login: 535 5.7.8 Authentication failed[39m
2026-06-05 21:18:22:1822 [31merror[39m: [31mError sending OTP email: Greeting never received[39m
2026-06-05 21:18:35:1835 [31merror[39m: [31mError sending OTP email: Invalid login: 535 5.7.8 Authentication failed[39m
2026-06-05 21:19:04:194 [31merror[39m: [31mError sending OTP email: Invalid login: 535 5.7.8 Authentication failed[39m
2026-06-05 21:19:18:1918 [31merror[39m: [31mError sending OTP email: Invalid login: 535 5.7.8 Authentication failed[39m
2026-06-05 21:19:23:1923 [31merror[39m: [31mJoin limit reached. This package allows a maximum of 10 participants.[39m
2026-06-05 22:56:29:5629 [32minfo[39m: [32m[Server] Node.js API running on port 6000 in development mode[39m
2026-06-05 22:58:43:5843 [31merror[39m: [31mError sending OTP email: Greeting never received[39m
2026-06-05 23:01:51:151 [31merror[39m: [31mError sending OTP email: Invalid login: 535 5.7.8 Authentication failed[39m
2026-06-05 23:01:54:154 [31merror[39m: [31mError sending OTP email: Greeting never received[39m
2026-06-05 23:03:01:31 [31merror[39m: [31mError sending OTP email: Invalid login: 535 5.7.8 Authentication failed[39m
2026-06-05 23:03:03:33 [31merror[39m: [31mBooking not found[39m
2026-06-05 23:03:04:34 [31merror[39m: [31mBooking not found[39m
2026-06-05 23:03:06:36 [31merror[39m: [31mBooking not found[39m
2026-06-05 23:03:10:310 [31merror[39m: [31mBooking not found[39m
2026-06-05 23:03:30:330 [31merror[39m: [31mBooking not found[39m
2026-06-05 23:03:31:331 [31merror[39m: [31mBooking not found[39m
2026-06-05 23:03:33:333 [31merror[39m: [31mBooking not found[39m
2026-06-05 23:03:37:337 [31merror[39m: [31mError sending OTP email: Greeting never received[39m
2026-06-05 23:04:07:47 [31merror[39m: [31mOrganizer not found. Please register first.[39m
2026-06-05 23:04:14:414 [31merror[39m: [31mError sending OTP email: Invalid login: 535 5.7.8 Authentication failed[39m
2026-06-05 23:04:47:447 [31merror[39m: [31mRescheduling is only allowed until 05 Jun 2026, 10:56 PM (1 hour before start).[39m
2026-06-05 23:09:31:931 [31merror[39m: [31mError sending OTP email: Greeting never received[39m
2026-06-05 23:10:35:1035 [31merror[39m: [31mGroup not found[39m
2026-06-05 23:10:46:1046 [31merror[39m: [31mGroup not found[39m
2026-06-05 23:11:11:1111 [31merror[39m: [31mError sending OTP email: Invalid login: 535 5.7.8 Authentication failed[39m
2026-06-05 23:15:05:155 [31merror[39m: [31mThis invitation link has expired[39m
2026-06-07 21:38:12:3812 [32minfo[39m: [32m[Server] Node.js API running on port 6000 in development mode[39m
2026-06-07 21:46:09:469 [31merror[39m: [31mError sending OTP email: Invalid login: 535 5.7.8 Authentication failed[39m
2026-06-07 22:09:08:98 [31merror[39m: [31mRescheduling is only allowed until 05 Jun 2026, 08:15 PM (1 hour before start).[39m
2026-06-07 22:09:13:913 [31merror[39m: [31mRescheduling is only allowed until 05 Jun 2026, 08:15 PM (1 hour before start).[39m
2026-06-07 22:09:14:914 [31merror[39m: [31mRescheduling is only allowed until 05 Jun 2026, 08:15 PM (1 hour before start).[39m
2026-06-07 22:09:14:914 [31merror[39m: [31mRescheduling is only allowed until 05 Jun 2026, 08:15 PM (1 hour before start).[39m
2026-06-07 22:09:15:915 [31merror[39m: [31mRescheduling is only allowed until 05 Jun 2026, 08:15 PM (1 hour before start).[39m
2026-06-07 22:09:15:915 [31merror[39m: [31mRescheduling is only allowed until 05 Jun 2026, 08:15 PM (1 hour before start).[39m
2026-06-07 22:09:15:915 [31merror[39m: [31mRescheduling is only allowed until 05 Jun 2026, 08:15 PM (1 hour before start).[39m
2026-06-07 22:09:15:915 [31merror[39m: [31mRescheduling is only allowed until 05 Jun 2026, 08:15 PM (1 hour before start).[39m
2026-06-07 22:09:15:915 [31merror[39m: [31mRescheduling is only allowed until 05 Jun 2026, 08:15 PM (1 hour before start).[39m
2026-06-07 22:09:15:915 [31merror[39m: [31mRescheduling is only allowed until 05 Jun 2026, 08:15 PM (1 hour before start).[39m
2026-06-07 22:09:16:916 [31merror[39m: [31mRescheduling is only allowed until 05 Jun 2026, 08:15 PM (1 hour before start).[39m
2026-06-07 22:09:16:916 [31merror[39m: [31mRescheduling is only allowed until 05 Jun 2026, 08:15 PM (1 hour before start).[39m
2026-06-07 22:09:16:916 [31merror[39m: [31mRescheduling is only allowed until 05 Jun 2026, 08:15 PM (1 hour before start).[39m
2026-06-07 22:09:16:916 [31merror[39m: [31mRescheduling is only allowed until 05 Jun 2026, 08:15 PM (1 hour before start).[39m
2026-06-07 22:09:16:916 [31merror[39m: [31mRescheduling is only allowed until 05 Jun 2026, 08:15 PM (1 hour before start).[39m
2026-06-07 22:11:05:115 [31merror[39m: [31mError sending OTP email: Invalid login: 535 5.7.8 Authentication failed[39m
2026-06-07 22:18:08:188 [31merror[39m: [31mError sending OTP email: Invalid login: 535 5.7.8 Authentication failed[39m
2026-06-07 22:31:39:3139 [31merror[39m: [31mGroup not found[39m
2026-06-07 22:31:54:3154 [31merror[39m: [31mGroup not found[39m
2026-06-07 22:32:08:328 [31merror[39m: [31mGroup not found[39m
2026-06-07 22:33:12:3312 [31merror[39m: [31mInvalid invitation link[39m
2026-06-07 22:33:45:3345 [31merror[39m: [31mThis invitation link has expired[39m
2026-06-07 22:35:20:3520 [31merror[39m: [31mError sending OTP email: Invalid login: 535 5.7.8 Authentication failed[39m
2026-06-07 22:35:48:3548 [31merror[39m: [31mScheduled session must be in the future.[39m
2026-06-07 22:36:02:362 [31merror[39m: [31mScheduled session must be in the future.[39m
2026-06-07 22:36:03:363 [31merror[39m: [31mScheduled session must be in the future.[39m
2026-06-07 22:36:03:363 [31merror[39m: [31mScheduled session must be in the future.[39m
2026-06-07 22:36:24:3624 [31merror[39m: [31mError sending OTP email: Invalid login: 535 5.7.8 Authentication failed[39m
2026-06-07 23:05:36:536 [31merror[39m: [31mError sending OTP email: Invalid login: 535 5.7.8 Authentication failed[39m
2026-06-07 23:06:30:630 [31merror[39m: [31mError sending OTP email: Invalid login: 535 5.7.8 Authentication failed[39m
2026-06-07 23:07:08:78 [31merror[39m: [31mError sending OTP email: Invalid login: 535 5.7.8 Authentication failed[39m
2026-06-07 23:09:26:926 [31merror[39m: [31mError sending OTP email: Invalid login: 535 5.7.8 Authentication failed[39m
2026-06-07 23:09:30:930 [31merror[39m: [31mInvalid OTP[39m
2026-06-07 23:09:54:954 [31merror[39m: [31mError sending OTP email: Invalid login: 535 5.7.8 Authentication failed[39m
2026-06-07 23:10:06:106 [31merror[39m: [31mError sending OTP email: Invalid login: 535 5.7.8 Authentication failed[39m
2026-06-07 23:10:35:1035 [31merror[39m: [31mError sending OTP email: Invalid login: 535 5.7.8 Authentication failed[39m
2026-06-07 23:10:54:1054 [31merror[39m: [31mError sending OTP email: Invalid login: 535 5.7.8 Authentication failed[39m
2026-06-07 23:11:12:1112 [31merror[39m: [31mError sending OTP email: Invalid login: 535 5.7.8 Authentication failed[39m
2026-06-07 23:11:29:1129 [31merror[39m: [31mError sending OTP email: Invalid login: 535 5.7.8 Authentication failed[39m
2026-06-07 23:12:11:1211 [31merror[39m: [31mError sending OTP email: Invalid login: 535 5.7.8 Authentication failed[39m
2026-06-07 23:12:27:1227 [31merror[39m: [31mError sending OTP email: Invalid login: 535 5.7.8 Authentication failed[39m
2026-06-07 23:12:41:1241 [31merror[39m: [31mError sending OTP email: Invalid login: 535 5.7.8 Authentication failed[39m
2026-06-07 23:13:38:1338 [31merror[39m: [31mJoin limit reached. This package allows a maximum of 10 participants.[39m
2026-06-07 23:21:19:2119 [31merror[39m: [31mJoin limit reached. This package allows a maximum of 10 participants.[39m
2026-06-07 23:30:22:3022 [31merror[39m: [31mJoin limit reached. This package allows a maximum of 10 participants.[39m
2026-06-07 23:40:17:4017 [32minfo[39m: [32m[Server] Node.js API running on port 6000 in development mode[39m
2026-06-07 23:40:33:4033 [32minfo[39m: [32m[Server] Node.js API running on port 6000 in development mode[39m
2026-06-07 23:44:04:444 [32minfo[39m: [32m[Server] Node.js API running on port 6000 in development mode[39m
2026-06-07 23:51:38:5138 [32minfo[39m: [32m[Server] Node.js API running on port 6000 in development mode[39m
2026-06-07 23:59:33:5933 [32minfo[39m: [32m[Server] Node.js API running on port 6000 in development mode[39m
2026-06-07 23:59:34:5934 [31merror[39m: [31mThis invitation link has expired[39m
2026-06-07 23:59:37:5937 [32minfo[39m: [32m[Server] Node.js API running on port 6000 in development mode[39m
2026-06-07 23:59:48:5948 [31merror[39m: [31mThis invitation link has expired[39m
2026-06-08 00:11:15:1115 [31merror[39m: [31mThis invitation link has expired[39m
2026-06-08 00:11:17:1117 [31merror[39m: [31mThis invitation link has expired[39m
2026-06-08 00:11:18:1118 [31merror[39m: [31mThis invitation link has expired[39m
2026-06-08 00:11:19:1119 [31merror[39m: [31mThis invitation link has expired[39m
2026-06-08 00:11:24:1124 [31merror[39m: [31mThis invitation link has expired[39m
2026-06-08 00:11:26:1126 [31merror[39m: [31mThis invitation link has expired[39m
2026-06-08 00:11:38:1138 [31merror[39m: [31mThis invitation link has expired[39m
2026-06-08 00:11:39:1139 [31merror[39m: [31mThis invitation link has expired[39m
2026-06-08 00:11:40:1140 [31merror[39m: [31mThis invitation link has expired[39m
2026-06-08 00:11:43:1143 [31merror[39m: [31mThis invitation link has expired[39m
2026-06-08 00:11:43:1143 [31merror[39m: [31mThis invitation link has expired[39m
2026-06-08 00:11:45:1145 [31merror[39m: [31mThis invitation link has expired[39m
2026-06-08 00:11:45:1145 [31merror[39m: [31mThis invitation link has expired[39m
2026-06-08 00:11:45:1145 [31merror[39m: [31mThis invitation link has expired[39m
2026-06-08 00:11:45:1145 [31merror[39m: [31mThis invitation link has expired[39m
2026-06-08 00:11:45:1145 [31merror[39m: [31mThis invitation link has expired[39m
2026-06-08 00:11:48:1148 [31merror[39m: [31mThis invitation link has expired[39m
2026-06-08 00:12:54:1254 [32minfo[39m: [32m[Server] Node.js API running on port 6000 in development mode[39m
2026-06-08 00:13:56:1356 [31merror[39m: [31mError sending OTP email: Invalid login: 535 5.7.8 Authentication failed[39m
2026-06-08 00:20:34:2034 [32minfo[39m: [32m[Server] Node.js API running on port 6000 in development mode[39m
2026-06-08 00:20:59:2059 [32minfo[39m: [32m[Server] Node.js API running on port 6000 in development mode[39m
2026-06-08 00:21:13:2113 [32minfo[39m: [32m[Server] Node.js API running on port 6000 in development mode[39m
2026-06-08 00:21:44:2144 [32minfo[39m: [32m[Server] Node.js API running on port 6000 in development mode[39m
2026-06-08 00:23:18:2318 [32minfo[39m: [32m[Server] Node.js API running on port 6000 in development mode[39m
2026-06-08 00:24:16:2416 [32minfo[39m: [32m[Server] Node.js API running on port 6000 in development mode[39m
2026-06-08 00:26:00:260 [32minfo[39m: [32m[Server] Node.js API running on port 6000 in development mode[39m
2026-06-08 00:26:08:268 [32minfo[39m: [32m[Server] Node.js API running on port 6000 in development mode[39m
2026-06-08 00:27:41:2741 [32minfo[39m: [32m[Server] Node.js API running on port 6000 in development mode[39m
2026-06-08 00:28:36:2836 [32minfo[39m: [32m[Server] Node.js API running on port 6000 in development mode[39m
2026-06-08 00:28:53:2853 [31merror[39m: [31mError sending OTP email: Invalid login: 535 5.7.8 Authentication failed[39m
2026-06-08 00:28:58:2858 [31merror[39m: [31m[DB] Query failed: Unknown column 'account_status' in 'field list'[39m
2026-06-08 00:29:05:295 [31merror[39m: [31m[DB] Query failed: Unknown column 'account_status' in 'field list'[39m
2026-06-08 00:29:15:2915 [31merror[39m: [31m[DB] Query failed: Unknown column 'account_status' in 'field list'[39m
2026-06-08 00:29:16:2916 [31merror[39m: [31m[DB] Query failed: Unknown column 'account_status' in 'field list'[39m
2026-06-08 00:29:37:2937 [32minfo[39m: [32m[Server] Node.js API running on port 6000 in development mode[39m
2026-06-08 00:29:39:2939 [32minfo[39m: [32m[Server] Node.js API running on port 6000 in development mode[39m
2026-06-08 00:29:46:2946 [32minfo[39m: [32m[Server] Node.js API running on port 6000 in development mode[39m
2026-06-08 00:29:50:2950 [32minfo[39m: [32m[Server] Node.js API running on port 6000 in development mode[39m
2026-06-08 00:31:17:3117 [31merror[39m: [31mError sending OTP email: Invalid login: 535 5.7.8 Authentication failed[39m
2026-06-08 00:31:42:3142 [31merror[39m: [31mSession must be scheduled within 5 days of payment.[39m
2026-06-08 00:31:44:3144 [31merror[39m: [31mSession must be scheduled within 5 days of payment.[39m
2026-06-08 00:31:44:3144 [31merror[39m: [31mSession must be scheduled within 5 days of payment.[39m
2026-06-08 00:31:44:3144 [31merror[39m: [31mSession must be scheduled within 5 days of payment.[39m
2026-06-08 00:31:44:3144 [31merror[39m: [31mSession must be scheduled within 5 days of payment.[39m
2026-06-08 00:31:45:3145 [31merror[39m: [31mSession must be scheduled within 5 days of payment.[39m
2026-06-08 00:31:45:3145 [31merror[39m: [31mSession must be scheduled within 5 days of payment.[39m
2026-06-08 00:31:45:3145 [31merror[39m: [31mSession must be scheduled within 5 days of payment.[39m
2026-06-08 00:31:45:3145 [31merror[39m: [31mSession must be scheduled within 5 days of payment.[39m
2026-06-08 00:31:46:3146 [31merror[39m: [31mSession must be scheduled within 5 days of payment.[39m
2026-06-08 00:31:46:3146 [31merror[39m: [31mSession must be scheduled within 5 days of payment.[39m
2026-06-08 00:31:46:3146 [31merror[39m: [31mSession must be scheduled within 5 days of payment.[39m
2026-06-08 20:36:38:3638 [31merror[39m: [31mError sending OTP email: Invalid login: 535 5.7.8 Authentication failed[39m
2026-06-08 20:43:59:4359 [31merror[39m: [31mError sending OTP email: Invalid login: 535 5.7.8 Authentication failed[39m
2026-06-08 20:44:12:4412 [31merror[39m: [31mPlease complete payment to activate your account.[39m
2026-06-08 20:44:19:4419 [31merror[39m: [31mError sending OTP email: Greeting never received[39m
2026-06-08 20:44:35:4435 [31merror[39m: [31mError sending OTP email: Invalid login: 535 5.7.8 Authentication failed[39m
2026-06-08 20:57:06:576 [31merror[39m: [31mError sending OTP email: Invalid login: 535 5.7.8 Authentication failed[39m
2026-06-08 20:57:53:5753 [31merror[39m: [31mError sending OTP email: Invalid login: 535 5.7.8 Authentication failed[39m
2026-06-08 21:00:26:026 [31merror[39m: [31mError sending OTP email: Invalid login: 535 5.7.8 Authentication failed[39m
2026-06-08 21:01:32:132 [31merror[39m: [31mError sending OTP email: Greeting never received[39m
2026-06-08 21:01:45:145 [31merror[39m: [31mError sending OTP email: Invalid login: 535 5.7.8 Authentication failed[39m
2026-06-08 21:02:04:24 [31merror[39m: [31mError sending OTP email: Invalid login: 535 5.7.8 Authentication failed[39m
2026-06-08 21:02:36:236 [31merror[39m: [31mError sending OTP email: Invalid login: 535 5.7.8 Authentication failed[39m
2026-06-08 21:02:42:242 [31merror[39m: [31mError sending OTP email: Invalid login: 535 5.7.8 Authentication failed[39m
2026-06-08 21:03:04:34 [31merror[39m: [31mError sending OTP email: Invalid login: 535 5.7.8 Authentication failed[39m
2026-06-08 21:04:08:48 [31merror[39m: [31mError sending OTP email: Invalid login: 535 5.7.8 Authentication failed[39m
2026-06-08 21:04:12:412 [31merror[39m: [31mInvalid OTP[39m
2026-06-08 21:04:29:429 [31merror[39m: [31mError sending OTP email: Invalid login: 535 5.7.8 Authentication failed[39m
2026-06-08 21:04:54:454 [31merror[39m: [31mError sending OTP email: Greeting never received[39m
