2026-07-11 13:40:59:4059 error: Error sending OTP email: Invalid login: 535 5.7.8 Authentication failed
2026-07-11 13:42:18:4218 error: Error sending OTP email: Invalid login: 535 5.7.8 Authentication failed
2026-07-11 13:47:07:477 error: Error sending OTP email: Invalid login: 535 5.7.8 Authentication failed
2026-07-11 13:47:09:479 error: Invalid OTP
2026-07-11 13:47:49:4749 error: Error sending OTP email: Invalid login: 535 5.7.8 Authentication failed
2026-07-11 13:48:07:487 error: Error sending OTP email: Invalid login: 535 5.7.8 Authentication failed
2026-07-11 13:48:26:4826 error: Error sending OTP email: Invalid login: 535 5.7.8 Authentication failed
2026-07-11 13:48:52:4852 error: Error sending OTP email: Invalid login: 535 5.7.8 Authentication failed
2026-07-11 13:49:12:4912 error: Error sending OTP email: Invalid login: 535 5.7.8 Authentication failed
2026-07-11 13:49:34:4934 error: Error sending OTP email: Invalid login: 535 5.7.8 Authentication failed
2026-07-11 13:49:56:4956 error: Error sending OTP email: Invalid login: 535 5.7.8 Authentication failed
2026-07-11 13:50:12:5012 error: Error sending OTP email: Invalid login: 535 5.7.8 Authentication failed
2026-07-11 13:50:34:5034 error: Error sending OTP email: Invalid login: 535 5.7.8 Authentication failed
2026-07-11 13:50:49:5049 error: Join limit reached. This package allows a maximum of 10 participants.
2026-07-11 13:50:50:5050 error: Join limit reached. This package allows a maximum of 10 participants.
2026-07-11 13:50:50:5050 error: Join limit reached. This package allows a maximum of 10 participants.
2026-07-11 13:50:50:5050 error: Join limit reached. This package allows a maximum of 10 participants.
2026-07-11 13:50:50:5050 error: Join limit reached. This package allows a maximum of 10 participants.
2026-07-11 13:50:51:5051 error: Join limit reached. This package allows a maximum of 10 participants.
2026-07-11 13:50:51:5051 error: Join limit reached. This package allows a maximum of 10 participants.
2026-07-11 13:50:51:5051 error: Join limit reached. This package allows a maximum of 10 participants.
2026-07-11 13:51:14:5114 error: Join limit reached. This package allows a maximum of 10 participants.
2026-07-11 13:58:02:582 error: You are not part of this group
2026-07-11 13:58:02:582 error: You are not part of this group
2026-07-11 13:58:02:582 error: You are not part of this group
2026-07-11 13:58:02:582 error: You are not part of this group
2026-07-11 13:58:02:582 error: You are not part of this group
2026-07-11 13:58:02:582 error: You are not part of this group
2026-07-11 13:58:02:582 error: You are not part of this group
2026-07-11 13:58:02:582 error: You are not part of this group
2026-07-11 13:58:02:582 error: You are not part of this group
2026-07-11 13:58:02:582 error: You are not part of this group
2026-07-11 13:58:02:582 error: You are not part of this group
2026-07-11 13:58:02:582 error: You are not part of this group
2026-07-11 13:58:02:582 error: You are not part of this group
2026-07-11 13:58:02:582 error: You are not part of this group
2026-07-11 13:58:02:582 error: You are not part of this group
2026-07-11 13:58:02:582 error: You are not part of this group
2026-07-11 13:58:02:582 error: You are not part of this group
2026-07-11 13:58:02:582 error: You are not part of this group
2026-07-11 13:58:02:582 error: You are not part of this group
2026-07-11 13:58:02:582 error: You are not part of this group
2026-07-11 13:58:02:582 error: You are not part of this group
2026-07-11 13:58:02:582 error: You are not part of this group
2026-07-11 13:58:02:582 error: You are not part of this group
2026-07-11 13:58:02:582 error: You are not part of this group
2026-07-11 13:58:02:582 error: You are not part of this group
2026-07-11 13:58:02:582 error: You are not part of this group
2026-07-11 13:58:02:582 error: You are not part of this group
2026-07-11 13:58:02:582 error: You are not part of this group
2026-07-11 13:58:02:582 error: You are not part of this group
2026-07-11 13:58:03:583 error: You are not part of this group
2026-07-11 13:58:03:583 error: You are not part of this group
2026-07-11 13:58:03:583 error: You are not part of this group
2026-07-11 14:06:24:624 error: Access Denied: You have joined after the allowed time. The session started at 1:43 PM and entry was closed at 1:58 PM. Please contact the Organiser for assistance.
2026-07-11 14:12:57:1257 error: Access Denied: You have joined after the allowed time. The session started at 1:43 PM and entry was closed at 1:58 PM. Please contact the Organiser for assistance.
2026-07-11 14:31:45:3145 error: Error sending OTP email: Invalid login: 535 5.7.8 Authentication failed
2026-07-11 14:34:43:3443 error: Error sending OTP email: Invalid login: 535 5.7.8 Authentication failed
2026-07-11 14:35:33:3533 error: Error sending OTP email: Invalid login: 535 5.7.8 Authentication failed
2026-07-11 14:37:07:377 error: Error sending OTP email: Invalid login: 535 5.7.8 Authentication failed
2026-07-11 14:37:37:3737 error: Error sending OTP email: Invalid login: 535 5.7.8 Authentication failed
2026-07-11 14:38:08:388 error: Error sending OTP email: Invalid login: 535 5.7.8 Authentication failed
2026-07-11 14:38:58:3858 error: Error sending OTP email: Invalid login: 535 5.7.8 Authentication failed
2026-07-11 14:40:02:402 error: Error sending OTP email: Invalid login: 535 5.7.8 Authentication failed
2026-07-11 14:40:21:4021 error: Error sending OTP email: Invalid login: 535 5.7.8 Authentication failed
2026-07-11 14:40:46:4046 error: Error sending OTP email: Invalid login: 535 5.7.8 Authentication failed
2026-07-11 14:41:45:4145 error: Error sending OTP email: Invalid login: 535 5.7.8 Authentication failed
2026-07-11 14:42:17:4217 error: Error sending OTP email: Invalid login: 535 5.7.8 Authentication failed
2026-07-11 14:48:59:4859 error: You are not part of this group
2026-07-11 14:48:59:4859 error: You are not part of this group
2026-07-11 14:48:59:4859 error: You are not part of this group
2026-07-11 14:48:59:4859 error: You are not part of this group
2026-07-11 14:48:59:4859 error: You are not part of this group
2026-07-11 14:49:02:492 error: You are not part of this group
2026-07-11 14:49:02:492 error: You are not part of this group
2026-07-12 00:00:26:026 error: Error sending OTP email: Invalid login: 535 5.7.8 Authentication failed
2026-07-12 00:01:19:119 error: Error sending OTP email: Invalid login: 535 5.7.8 Authentication failed
2026-07-12 00:01:23:123 error: Booking not found
2026-07-12 00:01:24:124 error: Booking not found
2026-07-12 00:01:26:126 error: Booking not found
2026-07-12 00:04:41:441 error: Error sending OTP email: Invalid login: 535 5.7.8 Authentication failed
2026-07-12 00:05:28:528 error: Error sending OTP email: Invalid login: 535 5.7.8 Authentication failed
2026-07-12 00:05:37:537 error: Error sending OTP email: Invalid login: 535 5.7.8 Authentication failed
2026-07-12 00:06:02:62 error: Error sending OTP email: Invalid login: 535 5.7.8 Authentication failed
2026-07-12 00:06:19:619 error: Error sending OTP email: Invalid login: 535 5.7.8 Authentication failed
2026-07-12 00:06:37:637 error: Error sending OTP email: Invalid login: 535 5.7.8 Authentication failed
2026-07-12 00:06:56:656 error: Error sending OTP email: Invalid login: 535 5.7.8 Authentication failed
2026-07-12 00:07:11:711 error: Error sending OTP email: Invalid login: 535 5.7.8 Authentication failed
2026-07-12 00:07:30:730 error: Error sending OTP email: Invalid login: 535 5.7.8 Authentication failed
2026-07-12 00:07:43:743 error: Error sending OTP email: Invalid login: 535 5.7.8 Authentication failed
2026-07-12 00:16:59:1659 error: You are not part of this group
2026-07-12 00:16:59:1659 error: You are not part of this group
2026-07-12 00:17:28:1728 error: You are not part of this group
2026-07-12 00:17:28:1728 error: You are not part of this group
2026-07-12 00:20:03:203 error: Join limit reached. This package allows a maximum of 10 participants.
2026-07-12 00:20:04:204 error: Join limit reached. This package allows a maximum of 10 participants.
2026-07-12 00:20:05:205 error: Join limit reached. This package allows a maximum of 10 participants.
2026-07-12 00:29:30:2930 error: Access Denied: You have joined after the allowed time. The session started at 12:02 AM and entry was closed at 12:17 AM. Please contact the Organiser for assistance.
2026-07-12 00:33:52:3352 error: The Lie Detector can only be used once per game
2026-07-12 00:33:59:3359 error: The Lie Detector can only be used once per game
2026-07-12 00:37:49:3749 error: The Lie Detector can only be used once per game
